neotropical_soils_18S_V4_175_samples_21_percent	1	1	23.64	1046560	643%	1109687
neotropical_soils_18S_V4_175_samples_21_percent	2	1	22.05	1046520	657%	1109687
neotropical_soils_18S_V4_175_samples_21_percent	3	1	22.43	1046516	655%	1109687
neotropical_soils_18S_V4_175_samples_21_percent	1	2	149.19	6435656	1318%	541076
neotropical_soils_18S_V4_175_samples_21_percent	2	2	134.20	6435820	1353%	541076
neotropical_soils_18S_V4_175_samples_21_percent	3	2	135.74	6435744	1374%	541076
neotropical_soils_18S_V4_175_samples_21_percent	1	3	140.38	6588636	1359%	533961
neotropical_soils_18S_V4_175_samples_21_percent	2	3	138.30	6588608	1355%	533961
neotropical_soils_18S_V4_175_samples_21_percent	3	3	140.33	6588488	1352%	533961
neotropical_soils_18S_V4_175_samples_21_percent	1	4	139.77	6643856	1353%	534257
neotropical_soils_18S_V4_175_samples_21_percent	2	4	138.70	6643880	1353%	534257
neotropical_soils_18S_V4_175_samples_21_percent	3	4	139.61	6643720	1366%	534257
neotropical_soils_18S_V4_175_samples_21_percent	1	5	135.25	6682484	1354%	535196
neotropical_soils_18S_V4_175_samples_21_percent	2	5	137.05	6682460	1372%	535196
neotropical_soils_18S_V4_175_samples_21_percent	3	5	138.88	6682464	1369%	535196
neotropical_soils_18S_V4_175_samples_21_percent	1	6	136.86	6713060	1364%	536089
neotropical_soils_18S_V4_175_samples_21_percent	2	6	136.24	6712924	1351%	536089
neotropical_soils_18S_V4_175_samples_21_percent	3	6	136.85	6713032	1358%	536089
neotropical_soils_18S_V4_175_samples_21_percent	1	7	137.39	6738048	1372%	536952
neotropical_soils_18S_V4_175_samples_21_percent	2	7	136.94	6737968	1359%	536952
neotropical_soils_18S_V4_175_samples_21_percent	3	7	135.52	6738056	1375%	536952
neotropical_soils_18S_V4_175_samples_21_percent	1	8	133.90	6758712	1365%	537757
neotropical_soils_18S_V4_175_samples_21_percent	2	8	137.21	6758716	1354%	537757
neotropical_soils_18S_V4_175_samples_21_percent	3	8	140.95	6758676	1366%	537757
neotropical_soils_18S_V4_175_samples_21_percent	1	9	140.68	6777928	1354%	538594
neotropical_soils_18S_V4_175_samples_21_percent	2	9	138.41	6777644	1334%	538594
neotropical_soils_18S_V4_175_samples_21_percent	3	9	134.06	6777828	1364%	538594
neotropical_soils_18S_V4_175_samples_21_percent	1	10	137.93	6793972	1353%	539229
neotropical_soils_18S_V4_175_samples_21_percent	2	10	143.43	6794224	1353%	539229
neotropical_soils_18S_V4_175_samples_21_percent	3	10	138.82	6794096	1363%	539229
neotropical_soils_18S_V4_175_samples_21_percent	1	11	139.76	6808644	1369%	539867
neotropical_soils_18S_V4_175_samples_21_percent	2	11	138.84	6808608	1362%	539867
neotropical_soils_18S_V4_175_samples_21_percent	3	11	145.00	6808420	1335%	539867
neotropical_soils_18S_V4_175_samples_21_percent	1	12	141.22	6823552	1361%	540545
neotropical_soils_18S_V4_175_samples_21_percent	2	12	139.39	6823560	1366%	540545
neotropical_soils_18S_V4_175_samples_21_percent	3	12	140.53	6823568	1356%	540545
neotropical_soils_18S_V4_175_samples_21_percent	1	13	139.47	6837120	1360%	541294
neotropical_soils_18S_V4_175_samples_21_percent	2	13	140.01	6837312	1338%	541294
neotropical_soils_18S_V4_175_samples_21_percent	3	13	141.62	6837204	1351%	541294
neotropical_soils_18S_V4_175_samples_21_percent	1	14	138.75	6849584	1371%	541866
neotropical_soils_18S_V4_175_samples_21_percent	2	14	138.70	6849588	1361%	541866
neotropical_soils_18S_V4_175_samples_21_percent	3	14	138.34	6849684	1341%	541866
neotropical_soils_18S_V4_175_samples_21_percent	1	15	143.32	6861816	1337%	542564
neotropical_soils_18S_V4_175_samples_21_percent	2	15	138.86	6861980	1376%	542564
neotropical_soils_18S_V4_175_samples_21_percent	3	15	138.96	6861996	1369%	542564
neotropical_soils_18S_V4_175_samples_21_percent	1	16	140.07	6873500	1348%	543210
neotropical_soils_18S_V4_175_samples_21_percent	2	16	137.78	6873376	1365%	543210
neotropical_soils_18S_V4_175_samples_21_percent	3	16	139.58	6873384	1358%	543210
neotropical_soils_18S_V4_175_samples_21_percent	1	32	144.14	6999884	1337%	550029
neotropical_soils_18S_V4_175_samples_21_percent	2	32	141.02	6999852	1351%	550029
neotropical_soils_18S_V4_175_samples_21_percent	3	32	141.22	6999908	1374%	550029
neotropical_soils_18S_V4_175_samples_21_percent	1	48	139.11	7082264	1352%	554670
neotropical_soils_18S_V4_175_samples_21_percent	2	48	141.71	7082244	1359%	554670
neotropical_soils_18S_V4_175_samples_21_percent	3	48	140.00	7082092	1368%	554670
neotropical_soils_18S_V4_175_samples_21_percent	1	64	139.33	7147828	1351%	558412
neotropical_soils_18S_V4_175_samples_21_percent	2	64	139.62	7147676	1372%	558412
neotropical_soils_18S_V4_175_samples_21_percent	3	64	142.15	7147920	1363%	558412
neotropical_soils_18S_V4_175_samples_21_percent	1	80	143.64	7198568	1348%	561087
neotropical_soils_18S_V4_175_samples_21_percent	2	80	141.71	7198480	1376%	561087
neotropical_soils_18S_V4_175_samples_21_percent	3	80	140.23	7198444	1348%	561087
neotropical_soils_18S_V4_175_samples_21_percent	1	96	144.91	7246352	1336%	563697
neotropical_soils_18S_V4_175_samples_21_percent	2	96	146.35	7246384	1349%	563697
neotropical_soils_18S_V4_175_samples_21_percent	3	96	140.19	7246384	1368%	563697
neotropical_soils_18S_V4_175_samples_21_percent	1	112	142.63	7297532	1343%	566649
neotropical_soils_18S_V4_175_samples_21_percent	2	112	141.76	7297588	1358%	566649
neotropical_soils_18S_V4_175_samples_21_percent	3	112	140.42	7297516	1347%	566649
neotropical_soils_18S_V4_175_samples_21_percent	1	128	135.08	7338504	1366%	568817
neotropical_soils_18S_V4_175_samples_21_percent	2	128	144.94	7338508	1337%	568817
neotropical_soils_18S_V4_175_samples_21_percent	3	128	143.34	7338540	1358%	568817
neotropical_soils_18S_V4_175_samples_21_percent	1	144	141.03	7373024	1376%	570480
neotropical_soils_18S_V4_175_samples_21_percent	2	144	140.42	7373040	1363%	570480
neotropical_soils_18S_V4_175_samples_21_percent	3	144	142.97	7373056	1349%	570480
neotropical_soils_18S_V4_175_samples_21_percent	1	160	140.59	7411684	1363%	572442
neotropical_soils_18S_V4_175_samples_21_percent	2	160	140.69	7411856	1348%	572442
neotropical_soils_18S_V4_175_samples_21_percent	3	160	138.49	7411748	1365%	572442
neotropical_soils_18S_V4_175_samples_21_percent	1	176	143.13	7447756	1340%	574408
neotropical_soils_18S_V4_175_samples_21_percent	2	176	141.96	7447576	1365%	574408
neotropical_soils_18S_V4_175_samples_21_percent	3	176	143.25	7447740	1348%	574408
neotropical_soils_18S_V4_175_samples_21_percent	1	192	145.08	7479116	1342%	576015
neotropical_soils_18S_V4_175_samples_21_percent	2	192	142.89	7479232	1371%	576015
neotropical_soils_18S_V4_175_samples_21_percent	3	192	142.53	7479152	1371%	576015
neotropical_soils_18S_V4_175_samples_21_percent	1	208	140.82	7504988	1358%	577477
neotropical_soils_18S_V4_175_samples_21_percent	2	208	142.89	7505132	1363%	577477
neotropical_soils_18S_V4_175_samples_21_percent	3	208	143.78	7505012	1366%	577477
neotropical_soils_18S_V4_175_samples_21_percent	1	224	143.80	7532012	1362%	578782
neotropical_soils_18S_V4_175_samples_21_percent	2	224	146.03	7532164	1347%	578782
neotropical_soils_18S_V4_175_samples_21_percent	3	224	143.48	7532176	1344%	578782
neotropical_soils_18S_V4_175_samples_21_percent	1	240	142.17	7561260	1354%	580227
neotropical_soils_18S_V4_175_samples_21_percent	2	240	144.87	7561276	1340%	580227
neotropical_soils_18S_V4_175_samples_21_percent	3	240	145.35	7561260	1352%	580227
neotropical_soils_18S_V4_175_samples_21_percent	1	256	141.88	7587888	1369%	581548
neotropical_soils_18S_V4_175_samples_21_percent	2	256	143.17	7588056	1347%	581548
neotropical_soils_18S_V4_175_samples_21_percent	3	256	147.29	7588012	1341%	581548
neotropical_soils_18S_V4_175_samples_21_percent	1	272	141.15	7613868	1354%	582828
neotropical_soils_18S_V4_175_samples_21_percent	2	272	145.40	7613780	1339%	582828
neotropical_soils_18S_V4_175_samples_21_percent	3	272	141.65	7613708	1344%	582828
neotropical_soils_18S_V4_175_samples_21_percent	1	288	137.37	7640428	1364%	584084
neotropical_soils_18S_V4_175_samples_21_percent	2	288	140.39	7640616	1371%	584084
neotropical_soils_18S_V4_175_samples_21_percent	3	288	141.10	7640620	1371%	584084
neotropical_soils_18S_V4_175_samples_21_percent	1	304	141.56	7659524	1336%	585014
neotropical_soils_18S_V4_175_samples_21_percent	2	304	137.74	7659380	1372%	585014
neotropical_soils_18S_V4_175_samples_21_percent	3	304	139.92	7659556	1372%	585014
neotropical_soils_18S_V4_175_samples_21_percent	1	320	143.25	7686008	1357%	586267
neotropical_soils_18S_V4_175_samples_21_percent	2	320	144.91	7685988	1373%	586267
neotropical_soils_18S_V4_175_samples_21_percent	3	320	142.64	7685972	1345%	586267
neotropical_soils_18S_V4_175_samples_21_percent	1	336	141.76	7713036	1364%	587596
neotropical_soils_18S_V4_175_samples_21_percent	2	336	146.23	7713120	1340%	587596
neotropical_soils_18S_V4_175_samples_21_percent	3	336	140.72	7713044	1372%	587596
neotropical_soils_18S_V4_175_samples_21_percent	1	352	143.31	7745576	1350%	589290
neotropical_soils_18S_V4_175_samples_21_percent	2	352	142.47	7745660	1369%	589290
neotropical_soils_18S_V4_175_samples_21_percent	3	352	144.90	7745560	1352%	589290
neotropical_soils_18S_V4_175_samples_21_percent	1	368	141.73	7766104	1368%	590330
neotropical_soils_18S_V4_175_samples_21_percent	2	368	140.07	7766064	1368%	590330
neotropical_soils_18S_V4_175_samples_21_percent	3	368	142.77	7766156	1347%	590330
neotropical_soils_18S_V4_175_samples_21_percent	1	384	139.72	7787080	1360%	591439
neotropical_soils_18S_V4_175_samples_21_percent	2	384	139.88	7787120	1372%	591439
neotropical_soils_18S_V4_175_samples_21_percent	3	384	142.62	7787128	1357%	591439
neotropical_soils_18S_V4_175_samples_21_percent	1	400	147.67	7809596	1357%	592586
neotropical_soils_18S_V4_175_samples_21_percent	2	400	144.42	7809628	1377%	592586
neotropical_soils_18S_V4_175_samples_21_percent	3	400	145.45	7809608	1378%	592586
neotropical_soils_18S_V4_175_samples_21_percent	1	416	141.98	7831096	1374%	593665
neotropical_soils_18S_V4_175_samples_21_percent	2	416	138.55	7830928	1369%	593665
neotropical_soils_18S_V4_175_samples_21_percent	3	416	141.47	7831064	1371%	593665
neotropical_soils_18S_V4_175_samples_21_percent	1	432	143.60	7847348	1378%	594397
neotropical_soils_18S_V4_175_samples_21_percent	2	432	142.22	7847084	1346%	594397
neotropical_soils_18S_V4_175_samples_21_percent	3	432	142.10	7847064	1348%	594397
neotropical_soils_18S_V4_175_samples_21_percent	1	448	141.30	7861216	1352%	595035
neotropical_soils_18S_V4_175_samples_21_percent	2	448	143.86	7861256	1355%	595035
neotropical_soils_18S_V4_175_samples_21_percent	3	448	143.93	7861284	1342%	595035
neotropical_soils_18S_V4_175_samples_21_percent	1	464	141.01	7886272	1357%	596249
neotropical_soils_18S_V4_175_samples_21_percent	2	464	144.25	7886068	1361%	596249
neotropical_soils_18S_V4_175_samples_21_percent	3	464	142.17	7886240	1349%	596249
neotropical_soils_18S_V4_175_samples_21_percent	1	480	139.38	7901644	1363%	597013
neotropical_soils_18S_V4_175_samples_21_percent	2	480	143.60	7901616	1369%	597013
neotropical_soils_18S_V4_175_samples_21_percent	3	480	145.50	7901620	1342%	597013
neotropical_soils_18S_V4_175_samples_21_percent	1	496	139.97	7917312	1366%	597957
neotropical_soils_18S_V4_175_samples_21_percent	2	496	144.18	7917392	1343%	597957
neotropical_soils_18S_V4_175_samples_21_percent	3	496	145.37	7917580	1334%	597957
neotropical_soils_18S_V4_175_samples_21_percent	1	512	142.87	7935352	1365%	598754
neotropical_soils_18S_V4_175_samples_21_percent	2	512	144.27	7935212	1344%	598754
neotropical_soils_18S_V4_175_samples_21_percent	3	512	144.13	7935192	1358%	598754
neotropical_soils_18S_V4_175_samples_21_percent	1	528	143.51	7947632	1349%	599367
neotropical_soils_18S_V4_175_samples_21_percent	2	528	145.29	7947764	1339%	599367
neotropical_soils_18S_V4_175_samples_21_percent	3	528	140.62	7947712	1365%	599367
neotropical_soils_18S_V4_175_samples_21_percent	1	544	144.22	7963704	1343%	600052
neotropical_soils_18S_V4_175_samples_21_percent	2	544	142.46	7963608	1359%	600052
neotropical_soils_18S_V4_175_samples_21_percent	3	544	143.75	7963596	1334%	600052
neotropical_soils_18S_V4_175_samples_21_percent	1	561	142.86	7984876	1362%	601112
neotropical_soils_18S_V4_175_samples_21_percent	2	561	143.95	7984872	1348%	601112
neotropical_soils_18S_V4_175_samples_21_percent	3	561	143.72	7984780	1350%	601112
neotropical_soils_18S_V4_175_samples_21_percent	1	577	145.45	8003168	1335%	601844
neotropical_soils_18S_V4_175_samples_21_percent	2	577	143.97	8003228	1359%	601844
neotropical_soils_18S_V4_175_samples_21_percent	3	577	143.60	8003136	1334%	601844
neotropical_soils_18S_V4_175_samples_21_percent	1	595	143.24	8018060	1366%	602501
neotropical_soils_18S_V4_175_samples_21_percent	2	595	144.26	8018108	1353%	602501
neotropical_soils_18S_V4_175_samples_21_percent	3	595	145.54	8018140	1340%	602501
neotropical_soils_18S_V4_175_samples_21_percent	1	611	143.79	8042188	1367%	603589
neotropical_soils_18S_V4_175_samples_21_percent	2	611	140.91	8042184	1366%	603589
neotropical_soils_18S_V4_175_samples_21_percent	3	611	145.76	8042140	1339%	603589
neotropical_soils_18S_V4_175_samples_21_percent	1	627	142.85	8056340	1359%	604238
neotropical_soils_18S_V4_175_samples_21_percent	2	627	145.43	8056540	1339%	604238
neotropical_soils_18S_V4_175_samples_21_percent	3	627	141.29	8056396	1345%	604238
neotropical_soils_18S_V4_175_samples_21_percent	1	645	144.96	8080516	1351%	605330
neotropical_soils_18S_V4_175_samples_21_percent	2	645	141.75	8080512	1369%	605330
neotropical_soils_18S_V4_175_samples_21_percent	3	645	139.86	8080540	1369%	605330
neotropical_soils_18S_V4_175_samples_21_percent	1	663	143.82	8095772	1351%	606048
neotropical_soils_18S_V4_175_samples_21_percent	2	663	143.78	8095936	1342%	606048
neotropical_soils_18S_V4_175_samples_21_percent	3	663	142.20	8095896	1368%	606048
neotropical_soils_18S_V4_175_samples_21_percent	1	680	146.28	8107292	1337%	606517
neotropical_soils_18S_V4_175_samples_21_percent	2	680	141.54	8107312	1375%	606517
neotropical_soils_18S_V4_175_samples_21_percent	3	680	146.76	8107312	1333%	606517
neotropical_soils_18S_V4_175_samples_21_percent	1	699	142.60	8124116	1366%	607336
neotropical_soils_18S_V4_175_samples_21_percent	2	699	145.41	8124120	1347%	607336
neotropical_soils_18S_V4_175_samples_21_percent	3	699	142.88	8124220	1358%	607336
neotropical_soils_18S_V4_175_samples_21_percent	1	717	143.53	8146748	1364%	608555
neotropical_soils_18S_V4_175_samples_21_percent	2	717	146.95	8146736	1342%	608555
neotropical_soils_18S_V4_175_samples_21_percent	3	717	145.59	8146708	1347%	608555
neotropical_soils_18S_V4_175_samples_21_percent	1	736	145.09	8159620	1347%	609037
neotropical_soils_18S_V4_175_samples_21_percent	2	736	145.57	8159604	1344%	609037
neotropical_soils_18S_V4_175_samples_21_percent	3	736	144.04	8159628	1350%	609037
neotropical_soils_18S_V4_175_samples_21_percent	1	755	145.11	8178772	1345%	609773
neotropical_soils_18S_V4_175_samples_21_percent	2	755	142.99	8178604	1370%	609773
neotropical_soils_18S_V4_175_samples_21_percent	3	755	143.08	8178724	1349%	609773
neotropical_soils_18S_V4_175_samples_21_percent	1	772	145.06	8206708	1357%	610969
neotropical_soils_18S_V4_175_samples_21_percent	2	772	145.95	8206544	1341%	610969
neotropical_soils_18S_V4_175_samples_21_percent	3	772	143.45	8206624	1357%	610969
neotropical_soils_18S_V4_175_samples_21_percent	1	790	145.14	8225052	1362%	611861
neotropical_soils_18S_V4_175_samples_21_percent	2	790	143.95	8225000	1349%	611861
neotropical_soils_18S_V4_175_samples_21_percent	3	790	147.34	8225108	1331%	611861
neotropical_soils_18S_V4_175_samples_21_percent	1	809	142.04	8238584	1359%	612620
neotropical_soils_18S_V4_175_samples_21_percent	2	809	143.23	8238584	1366%	612620
neotropical_soils_18S_V4_175_samples_21_percent	3	809	143.58	8238572	1346%	612620
neotropical_soils_18S_V4_175_samples_21_percent	1	826	145.38	8250464	1371%	613171
neotropical_soils_18S_V4_175_samples_21_percent	2	826	142.85	8250516	1343%	613171
neotropical_soils_18S_V4_175_samples_21_percent	3	826	144.87	8250604	1353%	613171
neotropical_soils_18S_V4_175_samples_21_percent	1	843	146.34	8271032	1334%	614196
neotropical_soils_18S_V4_175_samples_21_percent	2	843	146.12	8271056	1367%	614196
neotropical_soils_18S_V4_175_samples_21_percent	3	843	145.35	8271048	1350%	614196
neotropical_soils_18S_V4_175_samples_21_percent	1	860	146.78	8289100	1340%	615104
neotropical_soils_18S_V4_175_samples_21_percent	2	860	142.39	8289264	1340%	615104
neotropical_soils_18S_V4_175_samples_21_percent	3	860	144.96	8289104	1341%	615104
neotropical_soils_18S_V4_175_samples_21_percent	1	879	143.82	8304884	1340%	615825
neotropical_soils_18S_V4_175_samples_21_percent	2	879	146.94	8304868	1330%	615825
neotropical_soils_18S_V4_175_samples_21_percent	3	879	145.11	8304892	1347%	615825
neotropical_soils_18S_V4_175_samples_21_percent	1	898	144.15	8320084	1364%	616446
neotropical_soils_18S_V4_175_samples_21_percent	2	898	142.22	8320164	1354%	616446
neotropical_soils_18S_V4_175_samples_21_percent	3	898	143.61	8320180	1351%	616446
neotropical_soils_18S_V4_175_samples_21_percent	1	915	145.64	8341424	1355%	617271
neotropical_soils_18S_V4_175_samples_21_percent	2	915	145.97	8341536	1358%	617271
neotropical_soils_18S_V4_175_samples_21_percent	3	915	145.23	8341524	1342%	617271
neotropical_soils_18S_V4_175_samples_21_percent	1	939	145.83	8354464	1339%	617905
neotropical_soils_18S_V4_175_samples_21_percent	2	939	146.67	8354444	1337%	617905
neotropical_soils_18S_V4_175_samples_21_percent	3	939	144.25	8354468	1348%	617905
neotropical_soils_18S_V4_175_samples_21_percent	1	960	146.36	8367332	1351%	618414
neotropical_soils_18S_V4_175_samples_21_percent	2	960	140.32	8367328	1358%	618414
neotropical_soils_18S_V4_175_samples_21_percent	3	960	144.13	8367152	1343%	618414
neotropical_soils_18S_V4_175_samples_21_percent	1	979	144.66	8373812	1351%	618657
neotropical_soils_18S_V4_175_samples_21_percent	2	979	143.23	8373812	1352%	618657
neotropical_soils_18S_V4_175_samples_21_percent	3	979	146.68	8373928	1339%	618657
neotropical_soils_18S_V4_175_samples_21_percent	1	1006	144.12	8392768	1345%	619453
neotropical_soils_18S_V4_175_samples_21_percent	2	1006	142.52	8392944	1364%	619453
neotropical_soils_18S_V4_175_samples_21_percent	3	1006	147.98	8393032	1339%	619453
neotropical_soils_18S_V4_175_samples_21_percent	1	1029	141.49	8403708	1371%	619933
neotropical_soils_18S_V4_175_samples_21_percent	2	1029	144.03	8403676	1339%	619933
neotropical_soils_18S_V4_175_samples_21_percent	3	1029	141.38	8403720	1353%	619933
neotropical_soils_18S_V4_175_samples_21_percent	1	1059	146.13	8434908	1348%	621523
neotropical_soils_18S_V4_175_samples_21_percent	2	1059	147.10	8434912	1344%	621523
neotropical_soils_18S_V4_175_samples_21_percent	3	1059	142.76	8434768	1372%	621523
neotropical_soils_18S_V4_175_samples_21_percent	1	1094	142.45	8468484	1341%	623073
neotropical_soils_18S_V4_175_samples_21_percent	2	1094	144.74	8468512	1360%	623073
neotropical_soils_18S_V4_175_samples_21_percent	3	1094	144.77	8468536	1357%	623073
neotropical_soils_18S_V4_175_samples_21_percent	1	1116	143.12	8476628	1353%	623405
neotropical_soils_18S_V4_175_samples_21_percent	2	1116	144.34	8476544	1346%	623405
neotropical_soils_18S_V4_175_samples_21_percent	3	1116	142.84	8476612	1366%	623405
neotropical_soils_18S_V4_175_samples_21_percent	1	1139	147.30	8494484	1354%	624143
neotropical_soils_18S_V4_175_samples_21_percent	2	1139	142.52	8494288	1361%	624143
neotropical_soils_18S_V4_175_samples_21_percent	3	1139	140.71	8494344	1365%	624143
neotropical_soils_18S_V4_175_samples_21_percent	1	1164	144.66	8509028	1357%	624849
neotropical_soils_18S_V4_175_samples_21_percent	2	1164	146.15	8508852	1354%	624849
neotropical_soils_18S_V4_175_samples_21_percent	3	1164	151.15	8508976	1362%	624849
neotropical_soils_18S_V4_175_samples_21_percent	1	1211	148.58	8537100	1361%	626110
neotropical_soils_18S_V4_175_samples_21_percent	2	1211	146.27	8536924	1355%	626110
neotropical_soils_18S_V4_175_samples_21_percent	3	1211	147.77	8537076	1374%	626110
neotropical_soils_18S_V4_175_samples_21_percent	1	1252	148.41	8565604	1381%	627239
neotropical_soils_18S_V4_175_samples_21_percent	2	1252	146.05	8565484	1379%	627239
neotropical_soils_18S_V4_175_samples_21_percent	3	1252	146.08	8565628	1368%	627239
neotropical_soils_18S_V4_175_samples_21_percent	1	1278	144.99	8574964	1364%	627544
neotropical_soils_18S_V4_175_samples_21_percent	2	1278	141.42	8574960	1365%	627544
neotropical_soils_18S_V4_175_samples_21_percent	3	1278	149.92	8574948	1337%	627544
neotropical_soils_18S_V4_175_samples_21_percent	1	1309	144.12	8588220	1364%	628092
neotropical_soils_18S_V4_175_samples_21_percent	2	1309	140.39	8588108	1363%	628092
neotropical_soils_18S_V4_175_samples_21_percent	3	1309	140.32	8588104	1362%	628092
neotropical_soils_18S_V4_175_samples_21_percent	1	1341	143.11	8604232	1360%	628721
neotropical_soils_18S_V4_175_samples_21_percent	2	1341	146.60	8604248	1346%	628721
neotropical_soils_18S_V4_175_samples_21_percent	3	1341	144.16	8604072	1363%	628721
neotropical_soils_18S_V4_175_samples_21_percent	1	1381	149.04	8622880	1361%	629402
neotropical_soils_18S_V4_175_samples_21_percent	2	1381	145.08	8622748	1345%	629402
neotropical_soils_18S_V4_175_samples_21_percent	3	1381	147.22	8622608	1353%	629402
neotropical_soils_18S_V4_175_samples_21_percent	1	1409	146.16	8641628	1373%	629953
neotropical_soils_18S_V4_175_samples_21_percent	2	1409	145.89	8641708	1352%	629953
neotropical_soils_18S_V4_175_samples_21_percent	3	1409	144.75	8641732	1355%	629953
neotropical_soils_18S_V4_175_samples_21_percent	1	1456	146.92	8673520	1338%	631136
neotropical_soils_18S_V4_175_samples_21_percent	2	1456	143.96	8673620	1347%	631136
neotropical_soils_18S_V4_175_samples_21_percent	3	1456	147.76	8673504	1338%	631136
neotropical_soils_18S_V4_175_samples_21_percent	1	1495	146.31	8685216	1365%	631600
neotropical_soils_18S_V4_175_samples_21_percent	2	1495	147.83	8684880	1333%	631600
neotropical_soils_18S_V4_175_samples_21_percent	3	1495	143.05	8685092	1361%	631600
neotropical_soils_18S_V4_175_samples_21_percent	1	1537	143.18	8707776	1367%	632756
neotropical_soils_18S_V4_175_samples_21_percent	2	1537	145.76	8707792	1359%	632756
neotropical_soils_18S_V4_175_samples_21_percent	3	1537	147.62	8707884	1334%	632756
neotropical_soils_18S_V4_175_samples_21_percent	1	1588	145.46	8730992	1353%	633706
neotropical_soils_18S_V4_175_samples_21_percent	2	1588	141.71	8731028	1361%	633706
neotropical_soils_18S_V4_175_samples_21_percent	3	1588	143.61	8730972	1346%	633706
neotropical_soils_18S_V4_175_samples_21_percent	1	1634	144.93	8753432	1363%	634536
neotropical_soils_18S_V4_175_samples_21_percent	2	1634	146.85	8753272	1350%	634536
neotropical_soils_18S_V4_175_samples_21_percent	3	1634	148.19	8753288	1348%	634536
neotropical_soils_18S_V4_175_samples_21_percent	1	1688	146.69	8781736	1347%	635933
neotropical_soils_18S_V4_175_samples_21_percent	2	1688	149.74	8781744	1338%	635933
neotropical_soils_18S_V4_175_samples_21_percent	3	1688	144.18	8781692	1367%	635933
neotropical_soils_18S_V4_175_samples_21_percent	1	1755	146.28	8819064	1354%	637294
neotropical_soils_18S_V4_175_samples_21_percent	2	1755	152.72	8819240	1359%	637294
neotropical_soils_18S_V4_175_samples_21_percent	3	1755	148.64	8819320	1332%	637294
neotropical_soils_18S_V4_175_samples_21_percent	1	1813	145.23	8850296	1349%	638425
neotropical_soils_18S_V4_175_samples_21_percent	2	1813	148.81	8850280	1351%	638425
neotropical_soils_18S_V4_175_samples_21_percent	3	1813	145.18	8850260	1366%	638425
neotropical_soils_18S_V4_175_samples_21_percent	1	1872	148.09	8878852	1338%	639703
neotropical_soils_18S_V4_175_samples_21_percent	2	1872	146.45	8878808	1368%	639703
neotropical_soils_18S_V4_175_samples_21_percent	3	1872	147.40	8878948	1330%	639703
neotropical_soils_18S_V4_175_samples_21_percent	1	1976	145.67	8928952	1366%	641901
neotropical_soils_18S_V4_175_samples_21_percent	2	1976	146.51	8928940	1345%	641901
neotropical_soils_18S_V4_175_samples_21_percent	3	1976	143.13	8928964	1364%	641901
neotropical_soils_18S_V4_175_samples_21_percent	1	2122	146.78	9005132	1347%	645063
neotropical_soils_18S_V4_175_samples_21_percent	2	2122	142.23	9005148	1363%	645063
neotropical_soils_18S_V4_175_samples_21_percent	3	2122	145.21	9005160	1333%	645063
neotropical_soils_18S_V4_175_samples_21_percent	1	2216	143.24	9051736	1363%	646798
neotropical_soils_18S_V4_175_samples_21_percent	2	2216	141.53	9051888	1351%	646798
neotropical_soils_18S_V4_175_samples_21_percent	3	2216	145.20	9051872	1344%	646798
neotropical_soils_18S_V4_175_samples_21_percent	1	2341	142.71	9109428	1345%	648709
neotropical_soils_18S_V4_175_samples_21_percent	2	2341	143.15	9109400	1345%	648709
neotropical_soils_18S_V4_175_samples_21_percent	3	2341	143.19	9109328	1362%	648709
neotropical_soils_18S_V4_175_samples_21_percent	1	2476	144.53	9169356	1364%	651169
neotropical_soils_18S_V4_175_samples_21_percent	2	2476	144.14	9169204	1364%	651169
neotropical_soils_18S_V4_175_samples_21_percent	3	2476	144.98	9169360	1346%	651169
neotropical_soils_18S_V4_175_samples_21_percent	1	2578	145.27	9180996	1352%	651550
neotropical_soils_18S_V4_175_samples_21_percent	2	2578	142.58	9181260	1352%	651550
neotropical_soils_18S_V4_175_samples_21_percent	3	2578	142.53	9181124	1362%	651550
neotropical_soils_18S_V4_175_samples_21_percent	1	2684	142.50	9225096	1341%	653399
neotropical_soils_18S_V4_175_samples_21_percent	2	2684	148.20	9225092	1344%	653399
neotropical_soils_18S_V4_175_samples_21_percent	3	2684	144.68	9225124	1359%	653399
neotropical_soils_18S_V4_175_samples_21_percent	1	2898	148.97	9338880	1333%	657670
neotropical_soils_18S_V4_175_samples_21_percent	2	2898	148.30	9338812	1344%	657670
neotropical_soils_18S_V4_175_samples_21_percent	3	2898	147.56	9338856	1336%	657670
neotropical_soils_18S_V4_175_samples_21_percent	1	3078	144.50	9400792	1353%	660335
neotropical_soils_18S_V4_175_samples_21_percent	2	3078	144.77	9400864	1340%	660335
neotropical_soils_18S_V4_175_samples_21_percent	3	3078	140.09	9400844	1359%	660335
neotropical_soils_18S_V4_175_samples_21_percent	1	3315	143.88	9461608	1352%	662457
neotropical_soils_18S_V4_175_samples_21_percent	2	3315	144.62	9461708	1342%	662457
neotropical_soils_18S_V4_175_samples_21_percent	3	3315	143.57	9461776	1362%	662457
neotropical_soils_18S_V4_175_samples_21_percent	1	3494	141.46	9523892	1354%	665114
neotropical_soils_18S_V4_175_samples_21_percent	2	3494	143.94	9523936	1359%	665114
neotropical_soils_18S_V4_175_samples_21_percent	3	3494	149.39	9523948	1342%	665114
neotropical_soils_18S_V4_175_samples_21_percent	1	3866	145.84	9614548	1352%	668328
neotropical_soils_18S_V4_175_samples_21_percent	2	3866	146.84	9614716	1365%	668328
neotropical_soils_18S_V4_175_samples_21_percent	3	3866	154.27	9614644	1339%	668328
neotropical_soils_18S_V4_175_samples_21_percent	1	4175	153.11	9699680	1348%	671675
neotropical_soils_18S_V4_175_samples_21_percent	2	4175	153.13	9699612	1352%	671675
neotropical_soils_18S_V4_175_samples_21_percent	3	4175	151.81	9699708	1360%	671675
neotropical_soils_18S_V4_175_samples_21_percent	1	4724	149.99	9837196	1351%	678051
neotropical_soils_18S_V4_175_samples_21_percent	2	4724	143.42	9837200	1362%	678051
neotropical_soils_18S_V4_175_samples_21_percent	3	4724	148.62	9837168	1356%	678051
neotropical_soils_18S_V4_175_samples_21_percent	1	5054	143.35	9917572	1344%	680655
neotropical_soils_18S_V4_175_samples_21_percent	2	5054	148.36	9917436	1342%	680655
neotropical_soils_18S_V4_175_samples_21_percent	3	5054	151.49	9917616	1343%	680655
neotropical_soils_18S_V4_175_samples_21_percent	1	5534	145.79	9977364	1326%	682658
neotropical_soils_18S_V4_175_samples_21_percent	2	5534	143.23	9977616	1350%	682658
neotropical_soils_18S_V4_175_samples_21_percent	3	5534	147.87	9977516	1333%	682658
neotropical_soils_18S_V4_175_samples_21_percent	1	6387	144.78	10121984	1335%	687271
neotropical_soils_18S_V4_175_samples_21_percent	2	6387	144.57	10122104	1354%	687271
neotropical_soils_18S_V4_175_samples_21_percent	3	6387	143.78	10122040	1355%	687271
neotropical_soils_18S_V4_175_samples_21_percent	1	7160	146.22	10265820	1330%	693242
neotropical_soils_18S_V4_175_samples_21_percent	2	7160	145.77	10265908	1324%	693242
neotropical_soils_18S_V4_175_samples_21_percent	3	7160	146.98	10265932	1324%	693242
neotropical_soils_18S_V4_175_samples_21_percent	1	8847	148.21	10522700	1337%	703701
neotropical_soils_18S_V4_175_samples_21_percent	2	8847	144.50	10522716	1350%	703701
neotropical_soils_18S_V4_175_samples_21_percent	3	8847	147.56	10522696	1326%	703701
neotropical_soils_18S_V4_175_samples_21_percent	1	9743	148.02	10643116	1326%	708022
neotropical_soils_18S_V4_175_samples_21_percent	2	9743	146.92	10643132	1321%	708022
neotropical_soils_18S_V4_175_samples_21_percent	3	9743	148.29	10643148	1327%	708022
neotropical_soils_18S_V4_175_samples_21_percent	1	12134	142.08	10910156	1345%	719235
neotropical_soils_18S_V4_175_samples_21_percent	2	12134	147.91	10910060	1328%	719235
neotropical_soils_18S_V4_175_samples_21_percent	3	12134	148.98	10910068	1315%	719235
neotropical_soils_18S_V4_175_samples_21_percent	1	17948	148.28	11268776	1313%	734189
neotropical_soils_18S_V4_175_samples_21_percent	2	17948	145.44	11268824	1329%	734189
neotropical_soils_18S_V4_175_samples_21_percent	3	17948	148.25	11268916	1331%	734189
neotropical_soils_18S_V4_175_samples_21_percent	1	25876	146.23	11857960	1333%	760764
neotropical_soils_18S_V4_175_samples_21_percent	2	25876	145.42	11858092	1337%	760764
neotropical_soils_18S_V4_175_samples_21_percent	3	25876	142.68	11858092	1332%	760764
neotropical_soils_18S_V4_175_samples_21_percent	1	41366	143.92	12436444	1309%	790338
neotropical_soils_18S_V4_175_samples_21_percent	2	41366	143.31	12436584	1307%	790338
neotropical_soils_18S_V4_175_samples_21_percent	3	41366	145.57	12436716	1300%	790338
neotropical_soils_18S_V4_175_samples_21_percent	1	74709	146.56	13323640	1275%	827311
neotropical_soils_18S_V4_175_samples_21_percent	2	74709	144.11	13323608	1298%	827311
neotropical_soils_18S_V4_175_samples_21_percent	3	74709	145.69	13323660	1291%	827311
neotropical_soils_18S_V4_175_samples_21_percent	1	724731	139.69	16821504	1242%	977094
neotropical_soils_18S_V4_175_samples_21_percent	2	724731	140.09	16821592	1256%	977094
neotropical_soils_18S_V4_175_samples_21_percent	3	724731	137.52	16821312	1276%	977094
